2023-07-07 16:04:29,209 : DEBUG : liquid_level.LiquidLevel : A debug message
2023-07-07 16:04:29,210 : INFO : liquid_level.LiquidLevel : An info message
2023-07-07 16:04:29,210 : WARNING : liquid_level.LiquidLevel : Something is not right.
2023-07-07 16:04:29,210 : ERROR : liquid_level.LiquidLevel : A Major error has happened.
2023-07-07 16:04:29,210 : CRITICAL : liquid_level.LiquidLevel : Fatal error. Cannot continue
2023-07-07 16:04:29,211 : INFO : liquid_level.LiquidLevel : start function called
2023-07-07 16:04:29,211 : INFO : liquid_level.LiquidLevel : load_image_and_select_and_set_parameters function called
2023-07-07 16:04:29,212 : DEBUG : liquid_level.LiquidLevel : load_img function called
2023-07-07 16:04:29,531 : DEBUG : liquid_level.LiquidLevel : load_img function done
2023-07-07 16:04:29,531 : DEBUG : liquid_level.LiquidLevel : find_contour function called
2023-07-07 16:04:29,624 : DEBUG : liquid_level.LiquidLevel : find_parameteres_for_canny_edge function called
2023-07-07 16:04:29,678 : DEBUG : liquid_level.LiquidLevel : find_parameteres_for_canny_edge function done
2023-07-07 16:04:29,838 : DEBUG : liquid_level.LiquidLevel : find_contour function done
2023-07-07 16:04:29,839 : INFO : liquid_level.LiquidLevel : select_region_of_interest function called
2023-07-07 16:09:34,149 : DEBUG : liquid_level.LiquidLevel : A debug message
2023-07-07 16:09:34,149 : INFO : liquid_level.LiquidLevel : An info message
2023-07-07 16:09:34,149 : WARNING : liquid_level.LiquidLevel : Something is not right.
2023-07-07 16:09:34,149 : ERROR : liquid_level.LiquidLevel : A Major error has happened.
2023-07-07 16:09:34,149 : CRITICAL : liquid_level.LiquidLevel : Fatal error. Cannot continue
2023-07-07 16:09:34,150 : INFO : liquid_level.LiquidLevel : start function called
2023-07-07 16:09:34,150 : INFO : liquid_level.LiquidLevel : load_image_and_select_and_set_parameters function called
2023-07-07 16:09:34,150 : DEBUG : liquid_level.LiquidLevel : load_img function called
2023-07-07 16:09:34,380 : DEBUG : liquid_level.LiquidLevel : load_img function done
2023-07-07 16:09:34,380 : DEBUG : liquid_level.LiquidLevel : find_contour function called
2023-07-07 16:09:34,432 : DEBUG : liquid_level.LiquidLevel : find_parameteres_for_canny_edge function called
2023-07-07 16:09:34,484 : DEBUG : liquid_level.LiquidLevel : find_parameteres_for_canny_edge function done
2023-07-07 16:09:34,553 : DEBUG : liquid_level.LiquidLevel : find_contour function done
2023-07-07 16:09:34,553 : INFO : liquid_level.LiquidLevel : select_region_of_interest function called
2023-07-07 16:10:34,221 : DEBUG : liquid_level.LiquidLevel : A debug message
2023-07-07 16:10:34,221 : INFO : liquid_level.LiquidLevel : An info message
2023-07-07 16:10:34,222 : WARNING : liquid_level.LiquidLevel : Something is not right.
2023-07-07 16:10:34,222 : ERROR : liquid_level.LiquidLevel : A Major error has happened.
2023-07-07 16:10:34,222 : CRITICAL : liquid_level.LiquidLevel : Fatal error. Cannot continue
2023-07-07 16:10:34,227 : INFO : liquid_level.LiquidLevel : start function called
2023-07-07 16:10:34,227 : INFO : liquid_level.LiquidLevel : load_image_and_select_and_set_parameters function called
2023-07-07 16:10:34,227 : DEBUG : liquid_level.LiquidLevel : load_img function called
2023-07-07 16:10:34,604 : DEBUG : liquid_level.LiquidLevel : load_img function done
2023-07-07 16:10:34,604 : DEBUG : liquid_level.LiquidLevel : find_contour function called
2023-07-07 16:10:34,734 : DEBUG : liquid_level.LiquidLevel : find_parameteres_for_canny_edge function called
2023-07-07 16:10:34,828 : DEBUG : liquid_level.LiquidLevel : find_parameteres_for_canny_edge function done
2023-07-07 16:10:34,968 : DEBUG : liquid_level.LiquidLevel : find_contour function done
2023-07-07 16:10:34,968 : INFO : liquid_level.LiquidLevel : select_region_of_interest function called
2023-07-07 16:11:06,820 : INFO : liquid_level.LiquidLevel : start function called
2023-07-07 16:11:06,820 : INFO : liquid_level.LiquidLevel : load_image_and_select_and_set_parameters function called
2023-07-07 16:11:06,820 : DEBUG : liquid_level.LiquidLevel : load_img function called
2023-07-07 16:11:07,262 : DEBUG : liquid_level.LiquidLevel : load_img function done
2023-07-07 16:11:07,262 : DEBUG : liquid_level.LiquidLevel : find_contour function called
2023-07-07 16:11:07,318 : DEBUG : liquid_level.LiquidLevel : find_parameteres_for_canny_edge function called
2023-07-07 16:11:07,363 : DEBUG : liquid_level.LiquidLevel : find_parameteres_for_canny_edge function done
2023-07-07 16:11:07,437 : DEBUG : liquid_level.LiquidLevel : find_contour function done
2023-07-07 16:11:07,437 : INFO : liquid_level.LiquidLevel : select_region_of_interest function called
2023-07-07 16:14:11,763 : INFO : liquid_level.LiquidLevel : start function called
2023-07-07 16:14:11,763 : INFO : liquid_level.LiquidLevel : load_image_and_select_and_set_parameters function called
2023-07-07 16:14:11,763 : DEBUG : liquid_level.LiquidLevel : load_img function called
2023-07-07 16:14:11,990 : DEBUG : liquid_level.LiquidLevel : load_img function done
2023-07-07 16:14:11,991 : DEBUG : liquid_level.LiquidLevel : find_contour function called
2023-07-07 16:14:12,046 : DEBUG : liquid_level.LiquidLevel : find_parameteres_for_canny_edge function called
2023-07-07 16:14:12,090 : DEBUG : liquid_level.LiquidLevel : find_parameteres_for_canny_edge function done
2023-07-07 16:14:12,178 : DEBUG : liquid_level.LiquidLevel : find_contour function done
2023-07-07 16:14:12,179 : INFO : liquid_level.LiquidLevel : select_region_of_interest function called
2023-07-07 16:15:50,592 : INFO : liquid_level.LiquidLevel : select_region_of_interest function done
2023-07-10 15:00:30,634 : INFO : liquid_level.LiquidLevel : start function called
2023-07-10 15:00:30,634 : INFO : liquid_level.LiquidLevel : load_image_and_select_and_set_parameters function called
2023-07-10 15:00:30,635 : DEBUG : liquid_level.LiquidLevel : load_img function called
2023-07-10 15:00:30,897 : DEBUG : liquid_level.LiquidLevel : load_img function done
2023-07-10 15:00:30,897 : DEBUG : liquid_level.LiquidLevel : find_contour function called
2023-07-10 15:00:30,978 : DEBUG : liquid_level.LiquidLevel : find_parameteres_for_canny_edge function called
2023-07-10 15:00:31,024 : DEBUG : liquid_level.LiquidLevel : find_parameteres_for_canny_edge function done
2023-07-10 15:00:31,161 : DEBUG : liquid_level.LiquidLevel : find_contour function done
2023-07-10 15:00:31,162 : INFO : liquid_level.LiquidLevel : select_region_of_interest function called
2023-07-10 15:04:24,574 : INFO : liquid_level.LiquidLevel : start function called
2023-07-10 15:04:24,575 : INFO : liquid_level.LiquidLevel : load_image_and_select_and_set_parameters function called
2023-07-10 15:04:24,575 : DEBUG : liquid_level.LiquidLevel : load_img function called
2023-07-10 15:04:24,825 : DEBUG : liquid_level.LiquidLevel : load_img function done
2023-07-10 15:04:24,825 : DEBUG : liquid_level.LiquidLevel : find_contour function called
2023-07-10 15:04:24,905 : DEBUG : liquid_level.LiquidLevel : find_parameteres_for_canny_edge function called
2023-07-10 15:04:24,949 : DEBUG : liquid_level.LiquidLevel : find_parameteres_for_canny_edge function done
2023-07-10 15:04:25,044 : DEBUG : liquid_level.LiquidLevel : find_contour function done
2023-07-10 15:04:25,045 : INFO : liquid_level.LiquidLevel : select_region_of_interest function called
2023-07-10 15:06:26,736 : INFO : liquid_level.LiquidLevel : start function called
2023-07-10 15:06:26,737 : INFO : liquid_level.LiquidLevel : load_image_and_select_and_set_parameters function called
2023-07-10 15:06:26,737 : DEBUG : liquid_level.LiquidLevel : load_img function called
2023-07-10 15:06:27,300 : DEBUG : liquid_level.LiquidLevel : load_img function done
2023-07-10 15:06:27,300 : DEBUG : liquid_level.LiquidLevel : find_contour function called
2023-07-10 15:06:27,354 : DEBUG : liquid_level.LiquidLevel : find_parameteres_for_canny_edge function called
2023-07-10 15:06:27,408 : DEBUG : liquid_level.LiquidLevel : find_parameteres_for_canny_edge function done
2023-07-10 15:06:27,477 : DEBUG : liquid_level.LiquidLevel : find_contour function done
2023-07-10 15:06:27,478 : INFO : liquid_level.LiquidLevel : select_region_of_interest function called
2023-07-10 15:09:26,199 : INFO : liquid_level.LiquidLevel : start function called
2023-07-10 15:09:26,199 : INFO : liquid_level.LiquidLevel : load_image_and_select_and_set_parameters function called
2023-07-10 15:09:26,199 : DEBUG : liquid_level.LiquidLevel : load_img function called
2023-07-10 15:09:26,452 : DEBUG : liquid_level.LiquidLevel : load_img function done
2023-07-10 15:09:26,452 : DEBUG : liquid_level.LiquidLevel : find_contour function called
2023-07-10 15:09:26,518 : DEBUG : liquid_level.LiquidLevel : find_parameteres_for_canny_edge function called
2023-07-10 15:09:26,570 : DEBUG : liquid_level.LiquidLevel : find_parameteres_for_canny_edge function done
2023-07-10 15:09:26,630 : DEBUG : liquid_level.LiquidLevel : find_contour function done
2023-07-10 15:09:26,631 : INFO : liquid_level.LiquidLevel : select_region_of_interest function called
2023-07-10 15:12:55,358 : INFO : liquid_level.LiquidLevel : start function called
2023-07-10 15:12:55,358 : INFO : liquid_level.LiquidLevel : load_image_and_select_and_set_parameters function called
2023-07-10 15:12:55,358 : DEBUG : liquid_level.LiquidLevel : load_img function called
2023-07-10 15:12:55,595 : DEBUG : liquid_level.LiquidLevel : load_img function done
2023-07-10 15:12:55,595 : DEBUG : liquid_level.LiquidLevel : find_contour function called
2023-07-10 15:12:55,650 : DEBUG : liquid_level.LiquidLevel : find_parameteres_for_canny_edge function called
2023-07-10 15:12:55,691 : DEBUG : liquid_level.LiquidLevel : find_parameteres_for_canny_edge function done
2023-07-10 15:12:55,750 : DEBUG : liquid_level.LiquidLevel : find_contour function done
2023-07-10 15:12:55,750 : INFO : liquid_level.LiquidLevel : select_region_of_interest function called
2023-07-10 15:26:24,410 : INFO : liquid_level.LiquidLevel : start function called
2023-07-10 15:26:24,411 : INFO : liquid_level.LiquidLevel : load_image_and_select_and_set_parameters function called
2023-07-10 15:26:24,411 : DEBUG : liquid_level.LiquidLevel : load_img function called
2023-07-10 15:26:24,683 : DEBUG : liquid_level.LiquidLevel : load_img function done
2023-07-10 15:26:24,683 : DEBUG : liquid_level.LiquidLevel : find_contour function called
2023-07-10 15:26:24,763 : DEBUG : liquid_level.LiquidLevel : find_parameteres_for_canny_edge function called
2023-07-10 15:26:24,820 : DEBUG : liquid_level.LiquidLevel : find_parameteres_for_canny_edge function done
2023-07-10 15:26:24,924 : DEBUG : liquid_level.LiquidLevel : find_contour function done
2023-07-10 15:26:24,925 : INFO : liquid_level.LiquidLevel : select_region_of_interest function called
2023-07-10 15:58:05,618 : INFO : liquid_level.LiquidLevel : start function called
2023-07-10 15:58:05,618 : INFO : liquid_level.LiquidLevel : load_image_and_select_and_set_parameters function called
2023-07-10 15:58:05,618 : DEBUG : liquid_level.LiquidLevel : load_img function called
2023-07-10 15:58:05,891 : DEBUG : liquid_level.LiquidLevel : load_img function done
2023-07-10 15:58:05,891 : DEBUG : liquid_level.LiquidLevel : find_contour function called
2023-07-10 15:58:05,984 : DEBUG : liquid_level.LiquidLevel : find_parameteres_for_canny_edge function called
2023-07-10 15:58:06,031 : DEBUG : liquid_level.LiquidLevel : find_parameteres_for_canny_edge function done
2023-07-10 15:58:06,151 : DEBUG : liquid_level.LiquidLevel : find_contour function done
2023-07-10 15:58:06,151 : INFO : liquid_level.LiquidLevel : select_region_of_interest function called
2023-07-10 15:58:23,519 : INFO : liquid_level.LiquidLevel : start function called
2023-07-10 15:58:23,519 : INFO : liquid_level.LiquidLevel : load_image_and_select_and_set_parameters function called
2023-07-10 15:58:23,519 : DEBUG : liquid_level.LiquidLevel : load_img function called
2023-07-10 15:58:23,743 : DEBUG : liquid_level.LiquidLevel : load_img function done
2023-07-10 15:58:23,744 : DEBUG : liquid_level.LiquidLevel : find_contour function called
2023-07-10 15:58:23,795 : DEBUG : liquid_level.LiquidLevel : find_parameteres_for_canny_edge function called
2023-07-10 15:58:23,837 : DEBUG : liquid_level.LiquidLevel : find_parameteres_for_canny_edge function done
2023-07-10 15:58:23,896 : DEBUG : liquid_level.LiquidLevel : find_contour function done
2023-07-10 15:58:23,896 : INFO : liquid_level.LiquidLevel : select_region_of_interest function called
2023-07-10 15:59:27,718 : INFO : liquid_level.LiquidLevel : start function called
2023-07-10 15:59:27,718 : INFO : liquid_level.LiquidLevel : load_image_and_select_and_set_parameters function called
2023-07-10 15:59:27,718 : DEBUG : liquid_level.LiquidLevel : load_img function called
2023-07-10 15:59:27,951 : DEBUG : liquid_level.LiquidLevel : load_img function done
2023-07-10 15:59:27,952 : DEBUG : liquid_level.LiquidLevel : find_contour function called
2023-07-10 15:59:28,017 : DEBUG : liquid_level.LiquidLevel : find_parameteres_for_canny_edge function called
2023-07-10 15:59:28,063 : DEBUG : liquid_level.LiquidLevel : find_parameteres_for_canny_edge function done
2023-07-10 15:59:28,140 : DEBUG : liquid_level.LiquidLevel : find_contour function done
2023-07-10 15:59:28,140 : INFO : liquid_level.LiquidLevel : select_region_of_interest function called
2023-07-10 16:01:24,311 : INFO : liquid_level.LiquidLevel : start function called
2023-07-10 16:01:24,311 : INFO : liquid_level.LiquidLevel : load_image_and_select_and_set_parameters function called
2023-07-10 16:01:24,311 : DEBUG : liquid_level.LiquidLevel : load_img function called
2023-07-10 16:01:24,826 : DEBUG : liquid_level.LiquidLevel : load_img function done
2023-07-10 16:01:24,826 : DEBUG : liquid_level.LiquidLevel : find_contour function called
2023-07-10 16:01:24,892 : DEBUG : liquid_level.LiquidLevel : find_parameteres_for_canny_edge function called
2023-07-10 16:01:24,947 : DEBUG : liquid_level.LiquidLevel : find_parameteres_for_canny_edge function done
2023-07-10 16:01:25,027 : DEBUG : liquid_level.LiquidLevel : find_contour function done
2023-07-10 16:01:25,027 : INFO : liquid_level.LiquidLevel : select_region_of_interest function called
2023-07-10 16:02:17,528 : INFO : liquid_level.LiquidLevel : select_region_of_interest function done
2023-07-10 16:04:35,762 : INFO : liquid_level.LiquidLevel : start function called
2023-07-10 16:04:35,762 : INFO : liquid_level.LiquidLevel : load_image_and_select_and_set_parameters function called
2023-07-10 16:04:35,762 : DEBUG : liquid_level.LiquidLevel : load_img function called
2023-07-10 16:04:36,024 : DEBUG : liquid_level.LiquidLevel : load_img function done
2023-07-10 16:04:36,024 : DEBUG : liquid_level.LiquidLevel : find_contour function called
2023-07-10 16:04:36,086 : DEBUG : liquid_level.LiquidLevel : find_parameteres_for_canny_edge function called
2023-07-10 16:04:36,157 : DEBUG : liquid_level.LiquidLevel : find_parameteres_for_canny_edge function done
2023-07-10 16:04:36,300 : DEBUG : liquid_level.LiquidLevel : find_contour function done
2023-07-10 16:04:36,301 : INFO : liquid_level.LiquidLevel : select_region_of_interest function called
2023-07-10 16:11:44,391 : INFO : liquid_level.LiquidLevel : start function called
2023-07-10 16:11:44,392 : INFO : liquid_level.LiquidLevel : load_image_and_select_and_set_parameters function called
2023-07-10 16:11:44,392 : DEBUG : liquid_level.LiquidLevel : load_img function called
2023-07-10 16:11:44,623 : DEBUG : liquid_level.LiquidLevel : load_img function done
2023-07-10 16:11:44,623 : DEBUG : liquid_level.LiquidLevel : find_contour function called
2023-07-10 16:11:44,675 : DEBUG : liquid_level.LiquidLevel : find_parameteres_for_canny_edge function called
2023-07-10 16:11:44,725 : DEBUG : liquid_level.LiquidLevel : find_parameteres_for_canny_edge function done
2023-07-10 16:11:44,790 : DEBUG : liquid_level.LiquidLevel : find_contour function done
2023-07-10 16:11:44,790 : INFO : liquid_level.LiquidLevel : select_region_of_interest function called
2023-07-10 16:12:46,738 : INFO : liquid_level.LiquidLevel : start function called
2023-07-10 16:12:46,739 : INFO : liquid_level.LiquidLevel : load_image_and_select_and_set_parameters function called
2023-07-10 16:12:46,739 : DEBUG : liquid_level.LiquidLevel : load_img function called
2023-07-10 16:12:46,987 : DEBUG : liquid_level.LiquidLevel : load_img function done
2023-07-10 16:12:46,987 : DEBUG : liquid_level.LiquidLevel : find_contour function called
2023-07-10 16:12:47,045 : DEBUG : liquid_level.LiquidLevel : find_parameteres_for_canny_edge function called
2023-07-10 16:12:47,092 : DEBUG : liquid_level.LiquidLevel : find_parameteres_for_canny_edge function done
2023-07-10 16:12:47,156 : DEBUG : liquid_level.LiquidLevel : find_contour function done
2023-07-10 16:12:47,156 : INFO : liquid_level.LiquidLevel : select_region_of_interest function called
2023-07-10 16:13:49,656 : INFO : liquid_level.LiquidLevel : start function called
2023-07-10 16:13:49,656 : INFO : liquid_level.LiquidLevel : load_image_and_select_and_set_parameters function called
2023-07-10 16:13:49,656 : DEBUG : liquid_level.LiquidLevel : load_img function called
2023-07-10 16:13:49,892 : DEBUG : liquid_level.LiquidLevel : load_img function done
2023-07-10 16:13:49,892 : DEBUG : liquid_level.LiquidLevel : find_contour function called
2023-07-10 16:13:49,946 : DEBUG : liquid_level.LiquidLevel : find_parameteres_for_canny_edge function called
2023-07-10 16:13:49,995 : DEBUG : liquid_level.LiquidLevel : find_parameteres_for_canny_edge function done
2023-07-10 16:13:56,627 : INFO : liquid_level.LiquidLevel : start function called
2023-07-10 16:13:56,627 : INFO : liquid_level.LiquidLevel : load_image_and_select_and_set_parameters function called
2023-07-10 16:13:56,627 : DEBUG : liquid_level.LiquidLevel : load_img function called
2023-07-10 16:13:56,882 : DEBUG : liquid_level.LiquidLevel : load_img function done
2023-07-10 16:13:56,883 : DEBUG : liquid_level.LiquidLevel : find_contour function called
2023-07-10 16:13:56,945 : DEBUG : liquid_level.LiquidLevel : find_parameteres_for_canny_edge function called
2023-07-10 16:13:57,005 : DEBUG : liquid_level.LiquidLevel : find_parameteres_for_canny_edge function done
2023-07-10 16:13:57,145 : DEBUG : liquid_level.LiquidLevel : find_contour function done
2023-07-10 16:13:57,145 : INFO : liquid_level.LiquidLevel : select_region_of_interest function called
2023-07-10 16:15:06,199 : INFO : liquid_level.LiquidLevel : start function called
2023-07-10 16:15:06,200 : INFO : liquid_level.LiquidLevel : load_image_and_select_and_set_parameters function called
2023-07-10 16:15:06,200 : DEBUG : liquid_level.LiquidLevel : load_img function called
2023-07-10 16:15:06,449 : DEBUG : liquid_level.LiquidLevel : load_img function done
2023-07-10 16:15:06,449 : DEBUG : liquid_level.LiquidLevel : find_contour function called
2023-07-10 16:15:06,503 : DEBUG : liquid_level.LiquidLevel : find_parameteres_for_canny_edge function called
2023-07-10 16:15:06,548 : DEBUG : liquid_level.LiquidLevel : find_parameteres_for_canny_edge function done
2023-07-10 16:15:06,617 : DEBUG : liquid_level.LiquidLevel : find_contour function done
2023-07-10 16:15:06,617 : INFO : liquid_level.LiquidLevel : select_region_of_interest function called
2023-07-10 16:18:52,527 : INFO : liquid_level.LiquidLevel : start function called
2023-07-10 16:18:52,527 : INFO : liquid_level.LiquidLevel : load_image_and_select_and_set_parameters function called
2023-07-10 16:18:52,527 : DEBUG : liquid_level.LiquidLevel : load_img function called
2023-07-10 16:18:52,795 : DEBUG : liquid_level.LiquidLevel : load_img function done
2023-07-10 16:18:52,795 : DEBUG : liquid_level.LiquidLevel : find_contour function called
2023-07-10 16:18:52,846 : DEBUG : liquid_level.LiquidLevel : find_parameteres_for_canny_edge function called
2023-07-10 16:18:52,888 : DEBUG : liquid_level.LiquidLevel : find_parameteres_for_canny_edge function done
2023-07-10 16:18:52,959 : DEBUG : liquid_level.LiquidLevel : find_contour function done
2023-07-10 16:18:52,959 : INFO : liquid_level.LiquidLevel : select_region_of_interest function called
2023-07-10 16:21:17,681 : INFO : liquid_level.LiquidLevel : start function called
2023-07-10 16:21:17,681 : INFO : liquid_level.LiquidLevel : load_image_and_select_and_set_parameters function called
2023-07-10 16:21:17,681 : DEBUG : liquid_level.LiquidLevel : load_img function called
2023-07-10 16:21:17,928 : DEBUG : liquid_level.LiquidLevel : load_img function done
2023-07-10 16:21:17,928 : DEBUG : liquid_level.LiquidLevel : find_contour function called
2023-07-10 16:21:17,981 : DEBUG : liquid_level.LiquidLevel : find_parameteres_for_canny_edge function called
2023-07-10 16:21:18,025 : DEBUG : liquid_level.LiquidLevel : find_parameteres_for_canny_edge function done
2023-07-10 16:21:18,100 : DEBUG : liquid_level.LiquidLevel : find_contour function done
2023-07-10 16:21:18,100 : INFO : liquid_level.LiquidLevel : select_region_of_interest function called
2023-07-10 16:25:27,348 : INFO : liquid_level.LiquidLevel : start function called
2023-07-10 16:25:27,348 : INFO : liquid_level.LiquidLevel : load_image_and_select_and_set_parameters function called
2023-07-10 16:25:27,348 : DEBUG : liquid_level.LiquidLevel : load_img function called
2023-07-10 16:25:27,603 : DEBUG : liquid_level.LiquidLevel : load_img function done
2023-07-10 16:25:27,603 : DEBUG : liquid_level.LiquidLevel : find_contour function called
2023-07-10 16:25:27,661 : DEBUG : liquid_level.LiquidLevel : find_parameteres_for_canny_edge function called
2023-07-10 16:25:27,703 : DEBUG : liquid_level.LiquidLevel : find_parameteres_for_canny_edge function done
2023-07-10 16:25:27,769 : DEBUG : liquid_level.LiquidLevel : find_contour function done
2023-07-10 16:25:27,769 : INFO : liquid_level.LiquidLevel : select_region_of_interest function called
2023-07-10 16:27:27,829 : INFO : liquid_level.LiquidLevel : select_region_of_interest function done
2023-07-10 16:30:02,450 : INFO : liquid_level.LiquidLevel : load_image_and_select_and_set_parameters function done
2023-07-10 16:30:02,452 : INFO : liquid_level.LiquidLevel : start function done
2023-07-10 16:30:02,452 : DEBUG : liquid_level.LiquidLevel : run function called
2023-07-10 16:30:02,452 : DEBUG : liquid_level.LiquidLevel : load_and_find_level function called
2023-07-10 16:30:02,453 : DEBUG : liquid_level.LiquidLevel : load_img function called
2023-07-10 16:30:02,648 : DEBUG : liquid_level.LiquidLevel : load_img function done
2023-07-10 16:30:02,648 : DEBUG : liquid_level.LiquidLevel : find_contour function called
2023-07-10 16:30:02,688 : DEBUG : liquid_level.LiquidLevel : find_parameteres_for_canny_edge function called
2023-07-10 16:30:02,730 : DEBUG : liquid_level.LiquidLevel : find_parameteres_for_canny_edge function done
2023-07-10 16:30:02,789 : DEBUG : liquid_level.LiquidLevel : find_contour function done
2023-07-10 16:30:02,789 : DEBUG : liquid_level.LiquidLevel : find_liquid_level function called
2023-07-10 16:30:19,463 : DEBUG : liquid_level.LiquidLevel : liquid level found at 0
2023-07-10 16:30:19,464 : DEBUG : liquid_level.LiquidLevel : find_liquid_level function done
2023-07-10 16:30:19,464 : DEBUG : liquid_level.LiquidLevel : load_and_find_level function done
2023-07-10 16:30:19,464 : DEBUG : liquid_level.LiquidLevel : in_tolerance function called
2023-07-10 16:36:48,761 : INFO : liquid_level.LiquidLevel : start function called
2023-07-10 16:36:48,761 : INFO : liquid_level.LiquidLevel : load_image_and_select_and_set_parameters function called
2023-07-10 16:36:48,761 : DEBUG : liquid_level.LiquidLevel : load_img function called
2023-07-10 16:36:49,526 : DEBUG : liquid_level.LiquidLevel : load_img function done
2023-07-10 16:36:49,526 : DEBUG : liquid_level.LiquidLevel : find_contour function called
2023-07-10 16:36:49,598 : DEBUG : liquid_level.LiquidLevel : find_parameteres_for_canny_edge function called
2023-07-10 16:36:49,821 : DEBUG : liquid_level.LiquidLevel : find_parameteres_for_canny_edge function done
2023-07-10 16:36:49,958 : DEBUG : liquid_level.LiquidLevel : find_contour function done
2023-07-10 16:36:49,958 : INFO : liquid_level.LiquidLevel : select_region_of_interest function called
2023-07-10 16:37:15,149 : INFO : liquid_level.LiquidLevel : select_region_of_interest function done
2023-07-10 16:37:28,244 : INFO : liquid_level.LiquidLevel : load_image_and_select_and_set_parameters function done
2023-07-10 16:37:28,244 : INFO : liquid_level.LiquidLevel : start function done
2023-07-10 16:37:28,244 : DEBUG : liquid_level.LiquidLevel : run function called
2023-07-10 16:37:28,244 : DEBUG : liquid_level.LiquidLevel : load_and_find_level function called
2023-07-10 16:37:28,245 : DEBUG : liquid_level.LiquidLevel : load_img function called
2023-07-10 16:37:28,441 : DEBUG : liquid_level.LiquidLevel : load_img function done
2023-07-10 16:37:28,441 : DEBUG : liquid_level.LiquidLevel : find_contour function called
2023-07-10 16:37:28,487 : DEBUG : liquid_level.LiquidLevel : find_parameteres_for_canny_edge function called
2023-07-10 16:37:28,528 : DEBUG : liquid_level.LiquidLevel : find_parameteres_for_canny_edge function done
2023-07-10 16:37:28,590 : DEBUG : liquid_level.LiquidLevel : find_contour function done
2023-07-10 16:37:28,590 : DEBUG : liquid_level.LiquidLevel : find_liquid_level function called
2023-07-10 16:37:44,545 : DEBUG : liquid_level.LiquidLevel : liquid level found at 0.3162202380952381
2023-07-10 16:37:44,545 : DEBUG : liquid_level.LiquidLevel : find_liquid_level function done
2023-07-10 16:37:44,545 : DEBUG : liquid_level.LiquidLevel : load_and_find_level function done
2023-07-10 16:46:57,431 : INFO : liquid_level.LiquidLevel : start function called
2023-07-10 16:46:57,432 : INFO : liquid_level.LiquidLevel : load_image_and_select_and_set_parameters function called
2023-07-10 16:46:57,432 : DEBUG : liquid_level.LiquidLevel : load_img function called
2023-07-10 16:46:58,020 : DEBUG : liquid_level.LiquidLevel : load_img function done
2023-07-10 16:46:58,021 : DEBUG : liquid_level.LiquidLevel : find_contour function called
2023-07-10 16:46:58,078 : DEBUG : liquid_level.LiquidLevel : find_parameteres_for_canny_edge function called
2023-07-10 16:46:58,126 : DEBUG : liquid_level.LiquidLevel : find_parameteres_for_canny_edge function done
2023-07-10 16:46:58,217 : DEBUG : liquid_level.LiquidLevel : find_contour function done
2023-07-10 16:46:58,217 : INFO : liquid_level.LiquidLevel : select_region_of_interest function called
2023-07-10 16:47:19,304 : INFO : liquid_level.LiquidLevel : select_region_of_interest function done
2023-07-10 16:47:44,876 : INFO : liquid_level.LiquidLevel : load_image_and_select_and_set_parameters function done
2023-07-10 16:47:44,876 : INFO : liquid_level.LiquidLevel : start function done
2023-07-10 16:47:44,877 : DEBUG : liquid_level.LiquidLevel : run function called
2023-07-10 16:47:44,877 : DEBUG : liquid_level.LiquidLevel : load_and_find_level function called
2023-07-10 16:47:44,877 : DEBUG : liquid_level.LiquidLevel : load_img function called
2023-07-10 16:47:45,069 : DEBUG : liquid_level.LiquidLevel : load_img function done
2023-07-10 16:47:45,070 : DEBUG : liquid_level.LiquidLevel : find_contour function called
2023-07-10 16:47:45,112 : DEBUG : liquid_level.LiquidLevel : find_parameteres_for_canny_edge function called
2023-07-10 16:47:45,153 : DEBUG : liquid_level.LiquidLevel : find_parameteres_for_canny_edge function done
2023-07-10 16:47:45,216 : DEBUG : liquid_level.LiquidLevel : find_contour function done
2023-07-10 16:47:45,216 : DEBUG : liquid_level.LiquidLevel : find_liquid_level function called
2023-07-10 16:48:03,365 : DEBUG : liquid_level.LiquidLevel : liquid level found at 0
2023-07-10 16:48:03,365 : DEBUG : liquid_level.LiquidLevel : find_liquid_level function done
2023-07-10 16:48:03,366 : DEBUG : liquid_level.LiquidLevel : load_and_find_level function done
2023-07-10 16:51:21,940 : INFO : liquid_level.LiquidLevel : start function called
2023-07-10 16:51:21,941 : INFO : liquid_level.LiquidLevel : load_image_and_select_and_set_parameters function called
2023-07-10 16:51:21,941 : DEBUG : liquid_level.LiquidLevel : load_img function called
2023-07-10 16:51:21,941 : DEBUG : liquid_level.LiquidLevel : load_img function done
2023-07-10 16:51:21,941 : DEBUG : liquid_level.LiquidLevel : find_contour function called
2023-07-10 16:51:22,030 : DEBUG : liquid_level.LiquidLevel : find_parameteres_for_canny_edge function called
2023-07-10 16:51:22,075 : DEBUG : liquid_level.LiquidLevel : find_parameteres_for_canny_edge function done
2023-07-10 16:51:22,173 : DEBUG : liquid_level.LiquidLevel : find_contour function done
2023-07-10 16:51:22,173 : INFO : liquid_level.LiquidLevel : select_region_of_interest function called
2023-07-10 16:51:48,733 : INFO : liquid_level.LiquidLevel : select_region_of_interest function done
2023-07-10 16:52:01,893 : INFO : liquid_level.LiquidLevel : load_image_and_select_and_set_parameters function done
2023-07-10 16:52:01,895 : INFO : liquid_level.LiquidLevel : start function done
2023-07-10 16:52:01,895 : DEBUG : liquid_level.LiquidLevel : run function called
2023-07-10 16:52:01,895 : DEBUG : liquid_level.LiquidLevel : load_and_find_level function called
2023-07-10 16:52:01,895 : DEBUG : liquid_level.LiquidLevel : load_img function called
2023-07-10 16:52:01,895 : DEBUG : liquid_level.LiquidLevel : load_img function done
2023-07-10 16:52:01,895 : DEBUG : liquid_level.LiquidLevel : find_contour function called
2023-07-10 16:52:01,944 : DEBUG : liquid_level.LiquidLevel : find_parameteres_for_canny_edge function called
2023-07-10 16:52:01,985 : DEBUG : liquid_level.LiquidLevel : find_parameteres_for_canny_edge function done
2023-07-10 16:52:02,057 : DEBUG : liquid_level.LiquidLevel : find_contour function done
2023-07-10 16:52:02,057 : DEBUG : liquid_level.LiquidLevel : find_liquid_level function called
2023-07-10 16:52:20,894 : DEBUG : liquid_level.LiquidLevel : liquid level found at 0.6170634920634921
2023-07-10 16:52:20,894 : DEBUG : liquid_level.LiquidLevel : find_liquid_level function done
2023-07-10 16:52:20,895 : DEBUG : liquid_level.LiquidLevel : load_and_find_level function done
2023-07-10 16:52:20,895 : DEBUG : liquid_level.LiquidLevel : distance_from_reference function called
2023-07-10 16:52:20,895 : DEBUG : liquid_level.LiquidLevel : liquid level row percent diff from reference level: -0.0012400793650794162
2023-07-10 16:52:20,895 : DEBUG : liquid_level.LiquidLevel : distance_from_reference function done
2023-07-10 16:52:20,896 : DEBUG : liquid_level.LiquidLevel : run function done
2023-07-10 16:55:10,600 : INFO : liquid_level.LiquidLevel : start function called
2023-07-10 16:55:10,600 : INFO : liquid_level.LiquidLevel : load_image_and_select_and_set_parameters function called
2023-07-10 16:55:10,600 : DEBUG : liquid_level.LiquidLevel : load_img function called
2023-07-10 16:55:10,601 : DEBUG : liquid_level.LiquidLevel : load_img function done
2023-07-10 16:55:10,601 : DEBUG : liquid_level.LiquidLevel : find_contour function called
2023-07-10 16:55:10,697 : DEBUG : liquid_level.LiquidLevel : find_parameteres_for_canny_edge function called
2023-07-10 16:55:10,782 : DEBUG : liquid_level.LiquidLevel : find_parameteres_for_canny_edge function done
2023-07-10 16:55:10,903 : DEBUG : liquid_level.LiquidLevel : find_contour function done
2023-07-10 16:55:10,905 : INFO : liquid_level.LiquidLevel : select_region_of_interest function called
2023-07-10 16:55:36,685 : INFO : liquid_level.LiquidLevel : select_region_of_interest function done
2023-07-10 16:55:46,367 : INFO : liquid_level.LiquidLevel : load_image_and_select_and_set_parameters function done
2023-07-10 16:55:46,368 : INFO : liquid_level.LiquidLevel : start function done
2023-07-10 16:55:46,368 : DEBUG : liquid_level.LiquidLevel : run function called
2023-07-10 16:55:46,368 : DEBUG : liquid_level.LiquidLevel : load_and_find_level function called
2023-07-10 16:55:46,368 : DEBUG : liquid_level.LiquidLevel : load_img function called
2023-07-10 16:55:46,368 : DEBUG : liquid_level.LiquidLevel : load_img function done
2023-07-10 16:55:46,369 : DEBUG : liquid_level.LiquidLevel : find_contour function called
2023-07-10 16:55:46,410 : DEBUG : liquid_level.LiquidLevel : find_parameteres_for_canny_edge function called
2023-07-10 16:55:46,443 : DEBUG : liquid_level.LiquidLevel : find_parameteres_for_canny_edge function done
2023-07-10 16:55:46,506 : DEBUG : liquid_level.LiquidLevel : find_contour function done
2023-07-10 16:55:46,507 : DEBUG : liquid_level.LiquidLevel : find_liquid_level function called
2023-07-10 16:56:05,566 : DEBUG : liquid_level.LiquidLevel : liquid level found at 0.6163194444444444
2023-07-10 16:56:05,566 : DEBUG : liquid_level.LiquidLevel : find_liquid_level function done
2023-07-10 16:56:05,567 : DEBUG : liquid_level.LiquidLevel : load_and_find_level function done
2023-07-10 16:56:05,567 : DEBUG : liquid_level.LiquidLevel : distance_from_reference function called
2023-07-10 16:56:05,567 : DEBUG : liquid_level.LiquidLevel : liquid level row percent diff from reference level: -0.0009920634920634885
2023-07-10 16:56:05,567 : DEBUG : liquid_level.LiquidLevel : distance_from_reference function done
2023-07-10 17:00:50,857 : INFO : liquid_level.LiquidLevel : start function called
2023-07-10 17:00:50,857 : INFO : liquid_level.LiquidLevel : load_image_and_select_and_set_parameters function called
2023-07-10 17:00:50,857 : DEBUG : liquid_level.LiquidLevel : load_img function called
2023-07-10 17:00:50,857 : DEBUG : liquid_level.LiquidLevel : load_img function done
2023-07-10 17:00:50,858 : DEBUG : liquid_level.LiquidLevel : find_contour function called
2023-07-10 17:00:50,917 : DEBUG : liquid_level.LiquidLevel : find_parameteres_for_canny_edge function called
2023-07-10 17:00:50,960 : DEBUG : liquid_level.LiquidLevel : find_parameteres_for_canny_edge function done
2023-07-10 17:00:51,022 : DEBUG : liquid_level.LiquidLevel : find_contour function done
2023-07-10 17:00:51,023 : INFO : liquid_level.LiquidLevel : select_region_of_interest function called
2023-07-10 17:01:06,243 : INFO : liquid_level.LiquidLevel : select_region_of_interest function done
2023-07-10 17:01:13,297 : INFO : liquid_level.LiquidLevel : load_image_and_select_and_set_parameters function done
2023-07-10 17:01:13,297 : INFO : liquid_level.LiquidLevel : start function done
2023-07-10 17:01:13,297 : DEBUG : liquid_level.LiquidLevel : run function called
2023-07-10 17:01:13,297 : DEBUG : liquid_level.LiquidLevel : load_and_find_level function called
2023-07-10 17:01:13,297 : DEBUG : liquid_level.LiquidLevel : load_img function called
2023-07-10 17:01:13,297 : DEBUG : liquid_level.LiquidLevel : load_img function done
2023-07-10 17:01:13,297 : DEBUG : liquid_level.LiquidLevel : find_contour function called
2023-07-10 17:01:13,343 : DEBUG : liquid_level.LiquidLevel : find_parameteres_for_canny_edge function called
2023-07-10 17:01:13,389 : DEBUG : liquid_level.LiquidLevel : find_parameteres_for_canny_edge function done
2023-07-10 17:01:13,455 : DEBUG : liquid_level.LiquidLevel : find_contour function done
2023-07-10 17:01:13,456 : DEBUG : liquid_level.LiquidLevel : find_liquid_level function called
2023-07-10 17:01:29,302 : DEBUG : liquid_level.LiquidLevel : liquid level found at 0.6158234126984127
2023-07-10 17:01:29,302 : DEBUG : liquid_level.LiquidLevel : find_liquid_level function done
2023-07-10 17:01:29,302 : DEBUG : liquid_level.LiquidLevel : load_and_find_level function done
2023-07-10 17:01:29,302 : DEBUG : liquid_level.LiquidLevel : distance_from_reference function called
2023-07-10 17:01:29,302 : DEBUG : liquid_level.LiquidLevel : liquid level row percent diff from reference level: -0.0002480158730158166
2023-07-10 17:01:29,302 : DEBUG : liquid_level.LiquidLevel : distance_from_reference function done
2023-07-10 17:03:56,838 : INFO : liquid_level.LiquidLevel : start function called
2023-07-10 17:03:56,839 : INFO : liquid_level.LiquidLevel : load_image_and_select_and_set_parameters function called
2023-07-10 17:03:56,839 : DEBUG : liquid_level.LiquidLevel : load_img function called
2023-07-10 17:03:56,839 : DEBUG : liquid_level.LiquidLevel : load_img function done
2023-07-10 17:03:56,839 : DEBUG : liquid_level.LiquidLevel : find_contour function called
2023-07-10 17:03:56,893 : DEBUG : liquid_level.LiquidLevel : find_parameteres_for_canny_edge function called
2023-07-10 17:03:56,946 : DEBUG : liquid_level.LiquidLevel : find_parameteres_for_canny_edge function done
2023-07-10 17:03:57,010 : DEBUG : liquid_level.LiquidLevel : find_contour function done
2023-07-10 17:03:57,010 : INFO : liquid_level.LiquidLevel : select_region_of_interest function called
2023-07-10 17:04:16,275 : INFO : liquid_level.LiquidLevel : select_region_of_interest function done
2023-07-10 17:04:23,565 : INFO : liquid_level.LiquidLevel : load_image_and_select_and_set_parameters function done
2023-07-10 17:04:23,566 : INFO : liquid_level.LiquidLevel : start function done
2023-07-10 17:04:23,566 : DEBUG : liquid_level.LiquidLevel : run function called
2023-07-10 17:04:23,566 : DEBUG : liquid_level.LiquidLevel : load_and_find_level function called
2023-07-10 17:04:23,566 : DEBUG : liquid_level.LiquidLevel : load_img function called
2023-07-10 17:04:23,566 : DEBUG : liquid_level.LiquidLevel : load_img function done
2023-07-10 17:04:23,566 : DEBUG : liquid_level.LiquidLevel : find_contour function called
2023-07-10 17:04:23,611 : DEBUG : liquid_level.LiquidLevel : find_parameteres_for_canny_edge function called
2023-07-10 17:04:23,655 : DEBUG : liquid_level.LiquidLevel : find_parameteres_for_canny_edge function done
2023-07-10 17:04:23,722 : DEBUG : liquid_level.LiquidLevel : find_contour function done
2023-07-10 17:04:23,723 : DEBUG : liquid_level.LiquidLevel : find_liquid_level function called
2023-07-10 17:04:44,303 : DEBUG : liquid_level.LiquidLevel : liquid level found at 0.4965277777777778
2023-07-10 17:04:44,303 : DEBUG : liquid_level.LiquidLevel : find_liquid_level function done
2023-07-10 17:04:44,303 : DEBUG : liquid_level.LiquidLevel : load_and_find_level function done
2023-07-10 17:04:44,303 : DEBUG : liquid_level.LiquidLevel : distance_from_reference function called
2023-07-10 17:04:44,303 : DEBUG : liquid_level.LiquidLevel : liquid level row percent diff from reference level: -0.0004960317460317443
2023-07-10 17:04:44,303 : DEBUG : liquid_level.LiquidLevel : distance_from_reference function done
2023-07-10 17:18:22,536 : INFO : liquid_level.LiquidLevel : start function called
2023-07-10 17:18:22,536 : INFO : liquid_level.LiquidLevel : load_image_and_select_and_set_parameters function called
2023-07-10 17:18:22,537 : DEBUG : liquid_level.LiquidLevel : load_img function called
2023-07-10 17:18:22,537 : DEBUG : liquid_level.LiquidLevel : load_img function done
2023-07-10 17:18:22,537 : DEBUG : liquid_level.LiquidLevel : find_contour function called
2023-07-10 17:18:35,113 : DEBUG : liquid_level.LiquidLevel : find_parameteres_for_canny_edge function called
2023-07-10 17:18:35,154 : DEBUG : liquid_level.LiquidLevel : find_parameteres_for_canny_edge function done
2023-07-10 17:18:43,462 : DEBUG : liquid_level.LiquidLevel : find_contour function done
2023-07-10 17:18:43,462 : INFO : liquid_level.LiquidLevel : select_region_of_interest function called
2023-07-10 17:19:05,517 : INFO : liquid_level.LiquidLevel : select_region_of_interest function done
2023-07-10 17:19:14,373 : INFO : liquid_level.LiquidLevel : load_image_and_select_and_set_parameters function done
2023-07-10 17:19:14,373 : INFO : liquid_level.LiquidLevel : start function done
2023-07-10 17:20:00,341 : INFO : liquid_level.LiquidLevel : start function called
2023-07-10 17:20:00,341 : INFO : liquid_level.LiquidLevel : load_image_and_select_and_set_parameters function called
2023-07-10 17:20:00,341 : DEBUG : liquid_level.LiquidLevel : load_img function called
2023-07-10 17:20:00,341 : DEBUG : liquid_level.LiquidLevel : load_img function done
2023-07-10 17:20:00,341 : DEBUG : liquid_level.LiquidLevel : find_contour function called
2023-07-10 17:20:12,874 : DEBUG : liquid_level.LiquidLevel : find_parameteres_for_canny_edge function called
2023-07-10 17:20:12,915 : DEBUG : liquid_level.LiquidLevel : find_parameteres_for_canny_edge function done
2023-07-10 17:20:28,910 : DEBUG : liquid_level.LiquidLevel : find_contour function done
2023-07-10 17:20:28,910 : INFO : liquid_level.LiquidLevel : select_region_of_interest function called
2023-07-10 17:20:51,184 : INFO : liquid_level.LiquidLevel : select_region_of_interest function done
2023-07-10 17:20:59,511 : INFO : liquid_level.LiquidLevel : load_image_and_select_and_set_parameters function done
2023-07-10 17:20:59,511 : INFO : liquid_level.LiquidLevel : start function done
2023-07-10 17:22:15,312 : INFO : liquid_level.LiquidLevel : start function called
2023-07-10 17:22:15,312 : INFO : liquid_level.LiquidLevel : load_image_and_select_and_set_parameters function called
2023-07-10 17:22:15,312 : DEBUG : liquid_level.LiquidLevel : load_img function called
2023-07-10 17:22:15,312 : DEBUG : liquid_level.LiquidLevel : load_img function done
2023-07-10 17:22:15,312 : DEBUG : liquid_level.LiquidLevel : find_contour function called
2023-07-10 17:22:24,034 : DEBUG : liquid_level.LiquidLevel : find_parameteres_for_canny_edge function called
2023-07-10 17:22:24,074 : DEBUG : liquid_level.LiquidLevel : find_parameteres_for_canny_edge function done
2023-07-10 17:22:47,436 : DEBUG : liquid_level.LiquidLevel : find_contour function done
2023-07-10 17:22:47,437 : INFO : liquid_level.LiquidLevel : select_region_of_interest function called
2023-07-10 17:23:04,591 : INFO : liquid_level.LiquidLevel : select_region_of_interest function done
2023-07-10 17:23:08,971 : INFO : liquid_level.LiquidLevel : load_image_and_select_and_set_parameters function done
2023-07-10 17:23:08,972 : INFO : liquid_level.LiquidLevel : start function done
2023-07-10 17:26:21,541 : INFO : liquid_level.LiquidLevel : start function called
2023-07-10 17:26:21,541 : INFO : liquid_level.LiquidLevel : load_image_and_select_and_set_parameters function called
2023-07-10 17:26:21,541 : DEBUG : liquid_level.LiquidLevel : load_img function called
2023-07-10 17:26:21,541 : DEBUG : liquid_level.LiquidLevel : load_img function done
2023-07-10 17:26:21,541 : DEBUG : liquid_level.LiquidLevel : find_contour function called
2023-07-10 17:26:28,231 : DEBUG : liquid_level.LiquidLevel : find_parameteres_for_canny_edge function called
2023-07-10 17:26:28,272 : DEBUG : liquid_level.LiquidLevel : find_parameteres_for_canny_edge function done
2023-07-10 17:26:29,572 : DEBUG : liquid_level.LiquidLevel : find_contour function done
2023-07-10 17:26:29,573 : INFO : liquid_level.LiquidLevel : select_region_of_interest function called
2023-07-10 17:26:53,867 : INFO : liquid_level.LiquidLevel : select_region_of_interest function done
2023-07-10 17:26:58,781 : INFO : liquid_level.LiquidLevel : load_image_and_select_and_set_parameters function done
2023-07-10 17:26:58,781 : INFO : liquid_level.LiquidLevel : start function done
2023-07-10 17:27:02,064 : DEBUG : liquid_level.LiquidLevel : run function called
2023-07-10 17:27:02,064 : DEBUG : liquid_level.LiquidLevel : load_and_find_level function called
2023-07-10 17:27:02,065 : DEBUG : liquid_level.LiquidLevel : load_img function called
2023-07-10 17:27:02,065 : DEBUG : liquid_level.LiquidLevel : load_img function done
2023-07-10 17:27:02,065 : DEBUG : liquid_level.LiquidLevel : find_contour function called
2023-07-10 17:27:04,118 : DEBUG : liquid_level.LiquidLevel : find_parameteres_for_canny_edge function called
2023-07-10 17:27:04,173 : DEBUG : liquid_level.LiquidLevel : find_parameteres_for_canny_edge function done
2023-07-10 17:27:25,315 : DEBUG : liquid_level.LiquidLevel : find_contour function done
2023-07-10 17:27:25,321 : DEBUG : liquid_level.LiquidLevel : find_liquid_level function called
2023-07-10 17:27:40,586 : DEBUG : liquid_level.LiquidLevel : liquid level found at 0
2023-07-10 17:27:40,586 : DEBUG : liquid_level.LiquidLevel : find_liquid_level function done
2023-07-10 17:27:40,586 : DEBUG : liquid_level.LiquidLevel : load_and_find_level function done
2023-07-10 17:27:40,586 : DEBUG : liquid_level.LiquidLevel : distance_from_reference function called
2023-07-10 17:27:40,587 : DEBUG : liquid_level.LiquidLevel : liquid level row percent diff from reference level: 0.7160218253968254
2023-07-10 17:27:40,587 : DEBUG : liquid_level.LiquidLevel : distance_from_reference function done
2023-07-10 17:30:27,133 : INFO : liquid_level.LiquidLevel : start function called
2023-07-10 17:30:27,134 : INFO : liquid_level.LiquidLevel : load_image_and_select_and_set_parameters function called
2023-07-10 17:30:27,134 : DEBUG : liquid_level.LiquidLevel : load_img function called
2023-07-10 17:30:27,134 : DEBUG : liquid_level.LiquidLevel : load_img function done
2023-07-10 17:30:27,134 : DEBUG : liquid_level.LiquidLevel : find_contour function called
2023-07-10 17:31:03,792 : INFO : liquid_level.LiquidLevel : start function called
2023-07-10 17:31:03,792 : INFO : liquid_level.LiquidLevel : load_image_and_select_and_set_parameters function called
2023-07-10 17:31:03,792 : DEBUG : liquid_level.LiquidLevel : load_img function called
2023-07-10 17:31:03,792 : DEBUG : liquid_level.LiquidLevel : load_img function done
2023-07-10 17:31:03,792 : DEBUG : liquid_level.LiquidLevel : find_contour function called
2023-07-10 17:31:03,849 : DEBUG : liquid_level.LiquidLevel : find_parameteres_for_canny_edge function called
2023-07-10 17:31:03,897 : DEBUG : liquid_level.LiquidLevel : find_parameteres_for_canny_edge function done
2023-07-10 17:31:03,959 : DEBUG : liquid_level.LiquidLevel : find_contour function done
2023-07-10 17:31:03,959 : INFO : liquid_level.LiquidLevel : select_region_of_interest function called
2023-07-10 17:31:51,361 : INFO : liquid_level.LiquidLevel : select_region_of_interest function done
2023-07-10 17:31:59,100 : INFO : liquid_level.LiquidLevel : load_image_and_select_and_set_parameters function done
2023-07-10 17:31:59,101 : INFO : liquid_level.LiquidLevel : start function done
2023-07-10 17:32:00,764 : DEBUG : liquid_level.LiquidLevel : run function called
2023-07-10 17:32:00,764 : DEBUG : liquid_level.LiquidLevel : load_and_find_level function called
2023-07-10 17:32:00,764 : DEBUG : liquid_level.LiquidLevel : load_img function called
2023-07-10 17:32:00,764 : DEBUG : liquid_level.LiquidLevel : load_img function done
2023-07-10 17:32:00,764 : DEBUG : liquid_level.LiquidLevel : find_contour function called
2023-07-10 17:32:00,806 : DEBUG : liquid_level.LiquidLevel : find_parameteres_for_canny_edge function called
2023-07-10 17:32:00,851 : DEBUG : liquid_level.LiquidLevel : find_parameteres_for_canny_edge function done
2023-07-10 17:32:00,933 : DEBUG : liquid_level.LiquidLevel : find_contour function done
2023-07-10 17:32:00,933 : DEBUG : liquid_level.LiquidLevel : find_liquid_level function called
2023-07-10 17:32:21,218 : DEBUG : liquid_level.LiquidLevel : liquid level found at 0.3189484126984127
2023-07-10 17:32:21,218 : DEBUG : liquid_level.LiquidLevel : find_liquid_level function done
2023-07-10 17:32:21,219 : DEBUG : liquid_level.LiquidLevel : load_and_find_level function done
2023-07-10 17:32:21,219 : DEBUG : liquid_level.LiquidLevel : distance_from_reference function called
2023-07-10 17:32:21,219 : DEBUG : liquid_level.LiquidLevel : liquid level row percent diff from reference level: 0.416170634920635
2023-07-10 17:32:21,219 : DEBUG : liquid_level.LiquidLevel : distance_from_reference function done
2023-07-10 17:38:07,829 : INFO : liquid_level.LiquidLevel : start function called
2023-07-10 17:38:07,829 : INFO : liquid_level.LiquidLevel : load_image_and_select_and_set_parameters function called
2023-07-10 17:38:07,829 : DEBUG : liquid_level.LiquidLevel : load_img function called
2023-07-10 17:38:07,829 : DEBUG : liquid_level.LiquidLevel : load_img function done
2023-07-10 17:38:07,829 : DEBUG : liquid_level.LiquidLevel : find_contour function called
2023-07-10 17:38:07,903 : DEBUG : liquid_level.LiquidLevel : find_parameteres_for_canny_edge function called
2023-07-10 17:38:07,980 : DEBUG : liquid_level.LiquidLevel : find_parameteres_for_canny_edge function done
2023-07-10 17:38:08,061 : DEBUG : liquid_level.LiquidLevel : find_contour function done
2023-07-10 17:38:08,062 : INFO : liquid_level.LiquidLevel : select_region_of_interest function called
2023-07-10 17:38:25,034 : INFO : liquid_level.LiquidLevel : select_region_of_interest function done
2023-07-10 17:38:33,468 : INFO : liquid_level.LiquidLevel : load_image_and_select_and_set_parameters function done
2023-07-10 17:38:33,469 : INFO : liquid_level.LiquidLevel : start function done
2023-07-10 17:38:36,807 : DEBUG : liquid_level.LiquidLevel : run function called
2023-07-10 17:38:36,807 : DEBUG : liquid_level.LiquidLevel : load_and_find_level function called
2023-07-10 17:38:36,807 : DEBUG : liquid_level.LiquidLevel : load_img function called
2023-07-10 17:38:36,807 : DEBUG : liquid_level.LiquidLevel : load_img function done
2023-07-10 17:38:36,807 : DEBUG : liquid_level.LiquidLevel : find_contour function called
2023-07-10 17:38:36,848 : DEBUG : liquid_level.LiquidLevel : find_parameteres_for_canny_edge function called
2023-07-10 17:38:36,889 : DEBUG : liquid_level.LiquidLevel : find_parameteres_for_canny_edge function done
2023-07-10 17:38:36,950 : DEBUG : liquid_level.LiquidLevel : find_contour function done
2023-07-10 17:38:36,951 : DEBUG : liquid_level.LiquidLevel : find_liquid_level function called
2023-07-10 17:38:52,899 : DEBUG : liquid_level.LiquidLevel : liquid level found at 0.31994047619047616
2023-07-10 17:38:52,899 : DEBUG : liquid_level.LiquidLevel : find_liquid_level function done
2023-07-10 17:38:52,899 : DEBUG : liquid_level.LiquidLevel : load_and_find_level function done
2023-07-10 17:38:52,899 : DEBUG : liquid_level.LiquidLevel : distance_from_reference function called
2023-07-10 17:38:52,900 : DEBUG : liquid_level.LiquidLevel : liquid level row percent diff from reference level: 0.4074900793650794
2023-07-10 17:38:52,900 : DEBUG : liquid_level.LiquidLevel : distance_from_reference function done
2023-07-10 17:44:50,589 : INFO : liquid_level.LiquidLevel : start function called
2023-07-10 17:44:50,589 : INFO : liquid_level.LiquidLevel : load_image_and_select_and_set_parameters function called
2023-07-10 17:44:50,590 : DEBUG : liquid_level.LiquidLevel : load_img function called
2023-07-10 17:44:50,590 : DEBUG : liquid_level.LiquidLevel : load_img function done
2023-07-10 17:44:50,590 : DEBUG : liquid_level.LiquidLevel : find_contour function called
2023-07-10 17:44:50,643 : DEBUG : liquid_level.LiquidLevel : find_parameteres_for_canny_edge function called
2023-07-10 17:44:50,688 : DEBUG : liquid_level.LiquidLevel : find_parameteres_for_canny_edge function done
2023-07-10 17:44:50,749 : DEBUG : liquid_level.LiquidLevel : find_contour function done
2023-07-10 17:44:50,749 : INFO : liquid_level.LiquidLevel : select_region_of_interest function called
2023-07-10 17:45:24,489 : INFO : liquid_level.LiquidLevel : select_region_of_interest function done
2023-07-10 17:45:36,360 : INFO : liquid_level.LiquidLevel : start function called
2023-07-10 17:45:36,361 : INFO : liquid_level.LiquidLevel : load_image_and_select_and_set_parameters function called
2023-07-10 17:45:36,361 : DEBUG : liquid_level.LiquidLevel : load_img function called
2023-07-10 17:45:36,361 : DEBUG : liquid_level.LiquidLevel : load_img function done
2023-07-10 17:45:36,361 : DEBUG : liquid_level.LiquidLevel : find_contour function called
2023-07-10 17:45:36,415 : DEBUG : liquid_level.LiquidLevel : find_parameteres_for_canny_edge function called
2023-07-10 17:45:36,460 : DEBUG : liquid_level.LiquidLevel : find_parameteres_for_canny_edge function done
2023-07-10 17:45:36,517 : DEBUG : liquid_level.LiquidLevel : find_contour function done
2023-07-10 17:45:36,518 : INFO : liquid_level.LiquidLevel : select_region_of_interest function called
2023-07-10 17:45:54,902 : INFO : liquid_level.LiquidLevel : select_region_of_interest function done
2023-07-10 17:46:02,403 : INFO : liquid_level.LiquidLevel : load_image_and_select_and_set_parameters function done
2023-07-10 17:46:02,403 : INFO : liquid_level.LiquidLevel : start function done
2023-07-10 17:46:04,104 : DEBUG : liquid_level.LiquidLevel : run function called
2023-07-10 17:46:04,104 : DEBUG : liquid_level.LiquidLevel : load_and_find_level function called
2023-07-10 17:46:04,104 : DEBUG : liquid_level.LiquidLevel : load_img function called
2023-07-10 17:46:04,104 : DEBUG : liquid_level.LiquidLevel : load_img function done
2023-07-10 17:46:04,105 : DEBUG : liquid_level.LiquidLevel : find_contour function called
2023-07-10 17:46:04,145 : DEBUG : liquid_level.LiquidLevel : find_parameteres_for_canny_edge function called
2023-07-10 17:46:04,186 : DEBUG : liquid_level.LiquidLevel : find_parameteres_for_canny_edge function done
2023-07-10 17:46:04,252 : DEBUG : liquid_level.LiquidLevel : find_contour function done
2023-07-10 17:46:04,252 : DEBUG : liquid_level.LiquidLevel : find_liquid_level function called
2023-07-10 17:46:52,428 : INFO : liquid_level.LiquidLevel : start function called
2023-07-10 17:46:52,428 : INFO : liquid_level.LiquidLevel : load_image_and_select_and_set_parameters function called
2023-07-10 17:46:52,428 : DEBUG : liquid_level.LiquidLevel : load_img function called
2023-07-10 17:46:52,428 : DEBUG : liquid_level.LiquidLevel : load_img function done
2023-07-10 17:46:52,428 : DEBUG : liquid_level.LiquidLevel : find_contour function called
2023-07-10 17:46:52,526 : DEBUG : liquid_level.LiquidLevel : find_parameteres_for_canny_edge function called
2023-07-10 17:46:52,592 : DEBUG : liquid_level.LiquidLevel : find_parameteres_for_canny_edge function done
2023-07-10 17:46:52,665 : DEBUG : liquid_level.LiquidLevel : find_contour function done
2023-07-10 17:46:52,665 : INFO : liquid_level.LiquidLevel : select_region_of_interest function called
2023-07-10 17:47:15,135 : INFO : liquid_level.LiquidLevel : select_region_of_interest function done
2023-07-10 17:47:21,438 : INFO : liquid_level.LiquidLevel : load_image_and_select_and_set_parameters function done
2023-07-10 17:47:21,438 : INFO : liquid_level.LiquidLevel : start function done
2023-07-10 17:47:21,439 : DEBUG : liquid_level.LiquidLevel : run function called
2023-07-10 17:47:21,439 : DEBUG : liquid_level.LiquidLevel : load_and_find_level function called
2023-07-10 17:47:21,439 : DEBUG : liquid_level.LiquidLevel : load_img function called
2023-07-10 17:47:21,439 : DEBUG : liquid_level.LiquidLevel : load_img function done
2023-07-10 17:47:21,439 : DEBUG : liquid_level.LiquidLevel : find_contour function called
2023-07-10 17:47:21,480 : DEBUG : liquid_level.LiquidLevel : find_parameteres_for_canny_edge function called
2023-07-10 17:47:21,523 : DEBUG : liquid_level.LiquidLevel : find_parameteres_for_canny_edge function done
2023-07-10 17:47:21,587 : DEBUG : liquid_level.LiquidLevel : find_contour function done
2023-07-10 17:47:21,587 : DEBUG : liquid_level.LiquidLevel : find_liquid_level function called
2023-07-10 17:47:23,036 : DEBUG : liquid_level.LiquidLevel : liquid level found at 0.6200396825396826
2023-07-10 17:47:23,036 : DEBUG : liquid_level.LiquidLevel : find_liquid_level function done
2023-07-10 17:47:23,036 : DEBUG : liquid_level.LiquidLevel : load_and_find_level function done
2023-07-10 17:47:23,036 : DEBUG : liquid_level.LiquidLevel : distance_from_reference function called
2023-07-10 17:47:23,036 : DEBUG : liquid_level.LiquidLevel : liquid level row percent diff from reference level: 0.041170634920634885
2023-07-10 17:47:23,036 : DEBUG : liquid_level.LiquidLevel : distance_from_reference function done
2023-07-10 17:50:17,602 : DEBUG : liquid_level.LiquidLevel : run function done
2023-07-11 16:50:20,894 : INFO : liquid_level.LiquidLevel : start function called
2023-07-11 16:50:20,896 : INFO : liquid_level.LiquidLevel : load_image_and_select_and_set_parameters function called
2023-07-11 16:50:20,896 : DEBUG : liquid_level.LiquidLevel : load_img function called
2023-07-11 16:50:20,896 : DEBUG : liquid_level.LiquidLevel : load_img function done
2023-07-11 16:50:20,897 : DEBUG : liquid_level.LiquidLevel : find_contour function called
2023-07-11 16:50:20,957 : DEBUG : liquid_level.LiquidLevel : find_parameteres_for_canny_edge function called
2023-07-11 16:50:21,001 : DEBUG : liquid_level.LiquidLevel : find_parameteres_for_canny_edge function done
2023-07-11 16:50:21,066 : DEBUG : liquid_level.LiquidLevel : find_contour function done
2023-07-11 16:50:21,067 : INFO : liquid_level.LiquidLevel : select_region_of_interest function called
2023-07-11 16:50:57,924 : INFO : liquid_level.LiquidLevel : select_region_of_interest function done
2023-07-11 16:51:17,004 : INFO : liquid_level.LiquidLevel : load_image_and_select_and_set_parameters function done
2023-07-11 16:51:17,005 : INFO : liquid_level.LiquidLevel : start function done
2023-07-11 16:51:17,005 : DEBUG : liquid_level.LiquidLevel : run function called
2023-07-11 16:51:17,005 : DEBUG : liquid_level.LiquidLevel : load_and_find_level function called
2023-07-11 16:51:17,006 : DEBUG : liquid_level.LiquidLevel : load_img function called
2023-07-11 16:51:17,006 : DEBUG : liquid_level.LiquidLevel : load_img function done
2023-07-11 16:51:17,006 : DEBUG : liquid_level.LiquidLevel : find_contour function called
2023-07-11 16:51:17,058 : DEBUG : liquid_level.LiquidLevel : find_parameteres_for_canny_edge function called
2023-07-11 16:51:17,101 : DEBUG : liquid_level.LiquidLevel : find_parameteres_for_canny_edge function done
2023-07-11 16:51:17,172 : DEBUG : liquid_level.LiquidLevel : find_contour function done
2023-07-11 16:51:17,172 : DEBUG : liquid_level.LiquidLevel : find_liquid_level function called
2023-07-11 16:51:34,770 : DEBUG : liquid_level.LiquidLevel : liquid level found at 0.326140873015873
2023-07-11 16:51:34,770 : DEBUG : liquid_level.LiquidLevel : find_liquid_level function done
2023-07-11 16:51:34,770 : DEBUG : liquid_level.LiquidLevel : load_and_find_level function done
2023-07-11 16:51:34,770 : DEBUG : liquid_level.LiquidLevel : distance_from_reference function called
2023-07-11 16:51:34,770 : DEBUG : liquid_level.LiquidLevel : liquid level row percent diff from reference level: [0.33754960317460314, 0.294890873015873, 0.3536706349206349]
2023-07-11 16:51:34,770 : DEBUG : liquid_level.LiquidLevel : distance_from_reference function done
